# JRE version: Java(TM) SE Runtime Environment (8.0_191-b12) (build 1.8.0_191-b12)
# Java VM: Java HotSpot(TM) Server VM (25.191-b12 mixed mode linux-arm )
Heap:
 PSYoungGen      total 161280K, used 76716K [0xde4c0000, 0xeac40000, 0xf3a00000)
  eden space 119808K, 44% used [0xde4c0000,0xe1951768,0xe59c0000)
  from space 41472K, 55% used [0xe83c0000,0xe9a199c0,0xeac40000)
  to   space 42240K, 0% used [0xe59c0000,0xe59c0000,0xe8300000)
 ParOldGen       total 186624K, used 134286K [0xb3a00000, 0xbf040000, 0xde4c0000)
  object space 186624K, 71% used [0xb3a00000,0xbbd23998,0xbf040000)
 Metaspace       used 22067K, capacity 22611K, committed 22656K, reserved 22832K
GC Heap History (10 events):
Event: 20.857 GC heap before
{Heap before GC invocations=8 (full 1):
 PSYoungGen      total 83456K, used 82775K [0xde4c0000, 0xe5d00000, 0xf3a00000)
  eden space 56064K, 99% used [0xde4c0000,0xe1b7cbd0,0xe1b80000)
  from space 27392K, 97% used [0xe4080000,0xe5a99030,0xe5b40000)
  to   space 33536K, 0% used [0xe1b80000,0xe1b80000,0xe3c40000)
 ParOldGen       total 89600K, used 42033K [0xb3a00000, 0xb9180000, 0xde4c0000)
  object space 89600K, 46% used [0xb3a00000,0xb630c740,0xb9180000)
 Metaspace       used 18813K, capacity 19263K, committed 19352K, reserved 19760K
Event: 20.988 GC heap after
Heap after GC invocations=8 (full 1):
 PSYoungGen      total 89600K, used 33530K [0xde4c0000, 0xe8fc0000, 0xf3a00000)
  eden space 56064K, 0% used [0xde4c0000,0xde4c0000,0xe1b80000)
  from space 33536K, 99% used [0xe1b80000,0xe3c3e908,0xe3c40000)
  to   space 41728K, 0% used [0xe6700000,0xe6700000,0xe8fc0000)
 ParOldGen       total 89600K, used 44069K [0xb3a00000, 0xb9180000, 0xde4c0000)
  object space 89600K, 49% used [0xb3a00000,0xb6509770,0xb9180000)
 Metaspace       used 18813K, capacity 19263K, committed 19352K, reserved 19760K
}
Event: 21.752 GC heap before
{Heap before GC invocations=9 (full 1):
 PSYoungGen      total 89600K, used 41620K [0xde4c0000, 0xe8fc0000, 0xf3a00000)
  eden space 56064K, 14% used [0xde4c0000,0xdeca6ab8,0xe1b80000)
  from space 33536K, 99% used [0xe1b80000,0xe3c3e908,0xe3c40000)
  to   space 41728K, 0% used [0xe6700000,0xe6700000,0xe8fc0000)
 ParOldGen       total 89600K, used 44069K [0xb3a00000, 0xb9180000, 0xde4c0000)
  object space 89600K, 49% used [0xb3a00000,0xb6509770,0xb9180000)
 Metaspace       used 18987K, capacity 19396K, committed 19456K, reserved 19760K
Event: 21.858 GC heap after
Heap after GC invocations=9 (full 1):
 PSYoungGen      total 129536K, used 31968K [0xde4c0000, 0xe9c40000, 0xf3a00000)
  eden space 87808K, 0% used [0xde4c0000,0xde4c0000,0xe3a80000)
  from space 41728K, 76% used [0xe6700000,0xe8638288,0xe8fc0000)
  to   space 45568K, 0% used [0xe3a80000,0xe3a80000,0xe6700000)
 ParOldGen       total 89600K, used 44073K [0xb3a00000, 0xb9180000, 0xde4c0000)
  object space 89600K, 49% used [0xb3a00000,0xb650a770,0xb9180000)
 Metaspace       used 18987K, capacity 19396K, committed 19456K, reserved 19760K
}
Event: 21.858 GC heap before
{Heap before GC invocations=10 (full 2):
 PSYoungGen      total 129536K, used 31968K [0xde4c0000, 0xe9c40000, 0xf3a00000)
  eden space 87808K, 0% used [0xde4c0000,0xde4c0000,0xe3a80000)
  from space 41728K, 76% used [0xe6700000,0xe8638288,0xe8fc0000)
  to   space 45568K, 0% used [0xe3a80000,0xe3a80000,0xe6700000)
 ParOldGen       total 89600K, used 44073K [0xb3a00000, 0xb9180000, 0xde4c0000)
  object space 89600K, 49% used [0xb3a00000,0xb650a770,0xb9180000)
 Metaspace       used 18987K, capacity 19396K, committed 19456K, reserved 19760K
Event: 22.349 GC heap after
Heap after GC invocations=10 (full 2):
 PSYoungGen      total 129536K, used 0K [0xde4c0000, 0xe9c40000, 0xf3a00000)
  eden space 87808K, 0% used [0xde4c0000,0xde4c0000,0xe3a80000)
  from space 41728K, 0% used [0xe6700000,0xe6700000,0xe8fc0000)
  to   space 45568K, 0% used [0xe3a80000,0xe3a80000,0xe6700000)
 ParOldGen       total 122368K, used 70082K [0xb3a00000, 0xbb180000, 0xde4c0000)
  object space 122368K, 57% used [0xb3a00000,0xb7e70988,0xbb180000)
 Metaspace       used 18987K, capacity 19396K, committed 19456K, reserved 19760K
}
Event: 86.275 GC heap before
{Heap before GC invocations=11 (full 2):
 PSYoungGen      total 129536K, used 79124K [0xde4c0000, 0xe9c40000, 0xf3a00000)
  eden space 87808K, 90% used [0xde4c0000,0xe3205228,0xe3a80000)
  from space 41728K, 0% used [0xe6700000,0xe6700000,0xe8fc0000)
  to   space 45568K, 0% used [0xe3a80000,0xe3a80000,0xe6700000)
 ParOldGen       total 122368K, used 70082K [0xb3a00000, 0xbb180000, 0xde4c0000)
  object space 122368K, 57% used [0xb3a00000,0xb7e70988,0xbb180000)
 Metaspace       used 21459K, capacity 21978K, committed 22016K, reserved 22832K
Event: 86.313 GC heap after
Heap after GC invocations=11 (full 2):
 PSYoungGen      total 133376K, used 20180K [0xde4c0000, 0xeae00000, 0xf3a00000)
  eden space 87808K, 0% used [0xde4c0000,0xde4c0000,0xe3a80000)
  from space 45568K, 44% used [0xe3a80000,0xe4e35178,0xe6700000)
  to   space 43264K, 0% used [0xe83c0000,0xe83c0000,0xeae00000)
 ParOldGen       total 122368K, used 70086K [0xb3a00000, 0xbb180000, 0xde4c0000)
  object space 122368K, 57% used [0xb3a00000,0xb7e71988,0xbb180000)
 Metaspace       used 21459K, capacity 21978K, committed 22016K, reserved 22832K
}
Event: 88.370 GC heap before
{Heap before GC invocations=12 (full 2):
 PSYoungGen      total 133376K, used 107988K [0xde4c0000, 0xeae00000, 0xf3a00000)
  eden space 87808K, 100% used [0xde4c0000,0xe3a80000,0xe3a80000)
  from space 45568K, 44% used [0xe3a80000,0xe4e35178,0xe6700000)
  to   space 43264K, 0% used [0xe83c0000,0xe83c0000,0xeae00000)
 ParOldGen       total 186624K, used 134278K [0xb3a00000, 0xbf040000, 0xde4c0000)
  object space 186624K, 71% used [0xb3a00000,0xbbd21998,0xbf040000)
 Metaspace       used 21464K, capacity 21978K, committed 22016K, reserved 22832K
Event: 88.479 GC heap after
Heap after GC invocations=12 (full 2):
 PSYoungGen      total 161280K, used 22886K [0xde4c0000, 0xeac40000, 0xf3a00000)
  eden space 119808K, 0% used [0xde4c0000,0xde4c0000,0xe59c0000)
  from space 41472K, 55% used [0xe83c0000,0xe9a199c0,0xeac40000)
  to   space 42240K, 0% used [0xe59c0000,0xe59c0000,0xe8300000)
 ParOldGen       total 186624K, used 134286K [0xb3a00000, 0xbf040000, 0xde4c0000)
  object space 186624K, 71% used [0xb3a00000,0xbbd23998,0xbf040000)
 Metaspace       used 21464K, capacity 21978K, committed 22016K, reserved 22832K
}

